00:21:47,489 - DEBUG log4j.LogProperty - Hello log4j.
00:22:19,834 - DEBUG log4j.LogProperty - Hello log4j.
00:47:03,476 - DEBUG log4j.LogProperty - Hello log4j0
00:47:03,477 - INFO log4j.LogProperty - Hello log4j.1
00:47:03,477 - WARN log4j.LogProperty - Hello log4j.2
00:47:03,477 - ERROR log4j.LogProperty - Hello log4j.
00:47:03,477 - FATAL log4j.LogProperty - Hello log4j.
00:49:10,369 - FATAL log4j.LogProperty - Hello log4j.
00:50:32,071 - FATAL log4j.LogProperty - Hello log4j.
10:08:58,095 - FATAL log4j.test.LogProperty - Hello log4j.
10:11:50,669 - DEBUG log4j.test.LogProperty - Hello log4j0
10:11:50,669 - INFO log4j.test.LogProperty - Hello log4j.1
10:11:50,670 - WARN log4j.test.LogProperty - Hello log4j.2
10:11:50,670 - ERROR log4j.test.LogProperty - Hello log4j.
10:11:50,670 - FATAL log4j.test.LogProperty - Hello log4j.
14:50:53,858 - DEBUG log4j.test.LogProperty - Hello log4j0
14:50:53,860 - INFO log4j.test.LogProperty - Hello log4j.1
14:50:53,860 - WARN log4j.test.LogProperty - Hello log4j.2
14:50:53,860 - ERROR log4j.test.LogProperty - Hello log4j.
14:50:53,860 - FATAL log4j.test.LogProperty - Hello log4j.
